<?xml version="1.0" encoding="UTF-8"?>
<testsuite xmlns:xsi="http://www.w3.org/2001/XMLSchema-instance" xsi:noNamespaceSchemaLocation="https://maven.apache.org/surefire/maven-surefire-plugin/xsd/surefire-test-report.xsd" version="3.0.2" name="com.example.mundial.MundialApplicationTests" time="3.499" tests="4" errors="0" skipped="0" failures="0" flakes="0">
  <properties>
[...]
</properties>
  <testcase name="jugadoresApiDevuelveDatos" classname="com.example.mundial.MundialApplicationTests" time="0.43">
    <system-out><![CDATA[12:45:21.431 [main] INFO org.springframework.test.context.support.AnnotationConfigContextLoaderUtils -- Could not detect default configuration classes for test class [com.example.mundial.MundialApplicationTests]: MundialApplicationTests does not declare any static, non-private, non-final, nested classes annotated with @Configuration.
12:45:21.500 [main] INFO org.springframework.boot.test.context.SpringBootTestContextBootstrapper -- Found @SpringBootConfiguration com.example.mundial.MundialApplication for test class com.example.mundial.MundialApplicationTests
12:45:21.552 [main] INFO org.springframework.test.context.support.AnnotationConfigContextLoaderUtils -- Could not detect default configuration classes for test class [com.example.mundial.MundialApplicationTests]: MundialApplicationTests does not declare any static, non-private, non-final, nested classes annotated with @Configuration.
12:45:21.555 [main] INFO org.springframework.boot.test.context.SpringBootTestContextBootstrapper -- Found @SpringBootConfiguration com.example.mundial.MundialApplication for test class com.example.mundial.MundialApplicationTests

  .   ____          _            __ _ _
 /\\ / ___'_ __ _ _(_)_ __  __ _ \ \ \ \
( ( )\___ | '_ | '_| | '_ \/ _` | \ \ \ \
 \\/  ___)| |_)| | | | | || (_| |  ) ) ) )
  '  |____| .__|_| |_|_| |_\__, | / / / /
 =========|_|==============|___/=/_/_/_/

 :: Spring Boot ::                (v4.0.6)

2026-05-27T12:45:21.759+02:00  INFO 18912 --- [mundial] [           main] c.e.mundial.MundialApplicationTests      : Starting MundialApplicationTests using Java 25.0.3 with PID 18912 (started by aaron in C:\Users\aaron\OneDrive\Documentos\GitHub\Mundial-Ntt\Mundial\backend\mundial)
2026-05-27T12:45:21.759+02:00  INFO 18912 --- [mundial] [           main] c.e.mundial.MundialApplicationTests      : No active profile set, falling back to 1 default profile: "default"
2026-05-27T12:45:22.172+02:00  INFO 18912 --- [mundial] [           main] .s.d.r.c.RepositoryConfigurationDelegate : Bootstrapping Spring Data JPA repositories in DEFAULT mode.
2026-05-27T12:45:22.208+02:00  INFO 18912 --- [mundial] [           main] .s.d.r.c.RepositoryConfigurationDelegate : Finished Spring Data repository scanning in 29 ms. Found 2 JPA repository interfaces.
2026-05-27T12:45:22.452+02:00  INFO 18912 --- [mundial] [           main] org.hibernate.orm.jpa                    : HHH008540: Processing PersistenceUnitInfo [name: default]
2026-05-27T12:45:22.489+02:00  INFO 18912 --- [mundial] [           main] org.hibernate.orm.core                   : HHH000001: Hibernate ORM core version 7.2.12.Final
2026-05-27T12:45:22.867+02:00  INFO 18912 --- [mundial] [           main] o.s.o.j.p.SpringPersistenceUnitInfo      : No LoadTimeWeaver setup: ignoring JPA class transformer
2026-05-27T12:45:22.893+02:00  INFO 18912 --- [mundial] [           main] com.zaxxer.hikari.HikariDataSource       : HikariPool-1 - Starting...
2026-05-27T12:45:23.012+02:00  INFO 18912 --- [mundial] [           main] com.zaxxer.hikari.pool.HikariPool        : HikariPool-1 - Added connection conn0: url=jdbc:h2:mem:mundialdb user=SA
2026-05-27T12:45:23.015+02:00  INFO 18912 --- [mundial] [           main] com.zaxxer.hikari.HikariDataSource       : HikariPool-1 - Start completed.
2026-05-27T12:45:23.031+02:00  WARN 18912 --- [mundial] [           main] org.hibernate.orm.deprecation            : HHH90000025: H2Dialect does not need to be specified explicitly using 'hibernate.dialect' (remove the property setting and it will be selected by default)
2026-05-27T12:45:23.048+02:00  INFO 18912 --- [mundial] [           main] org.hibernate.orm.connections.pooling    : HHH10001005: Database info:
	Database JDBC URL [jdbc:h2:mem:mundialdb]
	Database driver: H2 JDBC Driver
	Database dialect: H2Dialect
	Database version: 2.4.240
	Default catalog/schema: MUNDIALDB/PUBLIC
	Autocommit mode: undefined/unknown
	Isolation level: READ_COMMITTED [default READ_COMMITTED]
	JDBC fetch size: 100
	Pool: DataSourceConnectionProvider
	Minimum pool size: undefined/unknown
	Maximum pool size: undefined/unknown
2026-05-27T12:45:23.599+02:00  INFO 18912 --- [mundial] [           main] org.hibernate.orm.core                   : HHH000489: No JTA platform available (set 'hibernate.transaction.jta.platform' to enable JTA platform integration)
Hibernate: 
    drop table if exists equipos cascade 
Hibernate: 
    drop table if exists jugador cascade 
Hibernate: 
    create table equipos (
        equipo varchar(255) not null,
        pais varchar(255),
        seleccionador varchar(255),
        primary key (equipo)
    )
Hibernate: 
    create table jugador (
        direccion varchar(255),
        equipo_jugador varchar(255),
        fecha_nac varchar(255),
        nombre varchar(255) not null,
        puesto_hab varchar(255),
        primary key (nombre)
    )
Hibernate: 
    alter table if exists jugador 
       add constraint FK5i54ltkhb27sqweo7ddfe1xms 
       foreign key (equipo_jugador) 
       references equipos
Hibernate: INSERT INTO equipos (EQUIPO, PAIS, SELECCIONADOR) VALUES ('ARGENTINA', 'Argentina', 'Lionel Scaloni')
Hibernate: INSERT INTO equipos (EQUIPO, PAIS, SELECCIONADOR) VALUES ('ESPANA', 'España', 'Luis de la Fuente')
Hibernate: INSERT INTO equipos (EQUIPO, PAIS, SELECCIONADOR) VALUES ('FRANCIA', 'Francia', 'Didier Deschamps')
Hibernate: INSERT INTO equipos (EQUIPO, PAIS, SELECCIONADOR) VALUES ('BRASIL', 'Brasil', 'Dorival Júnior')
Hibernate: INSERT INTO equipos (EQUIPO, PAIS, SELECCIONADOR) VALUES ('ALEMANIA', 'Alemania', 'Julian Nagelsmann')
Hibernate: INSERT INTO equipos (EQUIPO, PAIS, SELECCIONADOR) VALUES ('INGLATERRA', 'Inglaterra', 'Thomas Tuchel')
Hibernate: INSERT INTO jugador (Nombre, DIRECCION, PUESTO_HAB, FECHA_NAC, EQUIPO_JUGADOR) VALUES ('LIONEL MESSI', 'Rosario 123', 'DC', '1987-06-24 00:00:00', 'ARGENTINA')
Hibernate: INSERT INTO jugador (Nombre, DIRECCION, PUESTO_HAB, FECHA_NAC, EQUIPO_JUGADOR) VALUES ('RODRIGO DE PAUL', 'Buenos Aires 456', 'MC', '1994-05-24 00:00:00', 'ARGENTINA')
Hibernate: INSERT INTO jugador (Nombre, DIRECCION, PUESTO_HAB, FECHA_NAC, EQUIPO_JUGADOR) VALUES ('LAUTARO MARTINEZ', 'Bahia Blanca 789', 'DC', '1997-08-22 00:00:00', 'ARGENTINA')
Hibernate: INSERT INTO jugador (Nombre, DIRECCION, PUESTO_HAB, FECHA_NAC, EQUIPO_JUGADOR) VALUES ('EMILIANO MARTINEZ', 'Mar del Plata 101', 'POR', '1992-09-02 00:00:00', 'ARGENTINA')
Hibernate: INSERT INTO jugador (Nombre, DIRECCION, PUESTO_HAB, FECHA_NAC, EQUIPO_JUGADOR) VALUES ('LAMINE YAMAL', 'Rocafonda 304', 'ED', '2007-07-13 00:00:00', 'ESPANA')
Hibernate: INSERT INTO jugador (Nombre, DIRECCION, PUESTO_HAB, FECHA_NAC, EQUIPO_JUGADOR) VALUES ('RODRI HERNANDEZ', 'Madrid 987', 'MC', '1996-06-22 00:00:00', 'ESPANA')
Hibernate: INSERT INTO jugador (Nombre, DIRECCION, PUESTO_HAB, FECHA_NAC, EQUIPO_JUGADOR) VALUES ('PEDRI GONZALEZ', 'Tegueste 555', 'MC', '2002-11-25 00:00:00', 'ESPANA')
Hibernate: INSERT INTO jugador (Nombre, DIRECCION, PUESTO_HAB, FECHA_NAC, EQUIPO_JUGADOR) VALUES ('NICO WILLIAMS', 'Pamplona 222', 'EI', '2002-07-12 00:00:00', 'ESPANA')
Hibernate: INSERT INTO jugador (Nombre, DIRECCION, PUESTO_HAB, FECHA_NAC, EQUIPO_JUGADOR) VALUES ('KYLIAN MBAPPE', 'Paris 789', 'DC', '1998-12-20 00:00:00', 'FRANCIA')
Hibernate: INSERT INTO jugador (Nombre, DIRECCION, PUESTO_HAB, FECHA_NAC, EQUIPO_JUGADOR) VALUES ('ANTOINE GRIEZMANN', 'Macon 444', 'MP', '1991-03-21 00:00:00', 'FRANCIA')
Hibernate: INSERT INTO jugador (Nombre, DIRECCION, PUESTO_HAB, FECHA_NAC, EQUIPO_JUGADOR) VALUES ('AURELIEN TCHOUAMENI', 'Rouen 333', 'MC', '2000-01-27 00:00:00', 'FRANCIA')
Hibernate: INSERT INTO jugador (Nombre, DIRECCION, PUESTO_HAB, FECHA_NAC, EQUIPO_JUGADOR) VALUES ('MIKE MAIGNAN', 'Cayena 111', 'POR', '1995-07-03 00:00:00', 'FRANCIA')
Hibernate: INSERT INTO jugador (Nombre, DIRECCION, PUESTO_HAB, FECHA_NAC, EQUIPO_JUGADOR) VALUES ('VINICIUS JUNIOR', 'Sao Goncalo 888', 'EI', '2000-07-12 00:00:00', 'BRASIL')
Hibernate: INSERT INTO jugador (Nombre, DIRECCION, PUESTO_HAB, FECHA_NAC, EQUIPO_JUGADOR) VALUES ('RODRYGO GOES', 'Osasco 777', 'ED', '2001-01-09 00:00:00', 'BRASIL')
Hibernate: INSERT INTO jugador (Nombre, DIRECCION, PUESTO_HAB, FECHA_NAC, EQUIPO_JUGADOR) VALUES ('BRUNO GUIMARAES', 'Rio de Janeiro 666', 'MC', '1997-11-16 00:00:00', 'BRASIL')
Hibernate: INSERT INTO jugador (Nombre, DIRECCION, PUESTO_HAB, FECHA_NAC, EQUIPO_JUGADOR) VALUES ('MARQUINHOS CORREA', 'Sao Paulo 555', 'DFC', '1994-05-14 00:00:00', 'BRASIL')
Hibernate: INSERT INTO jugador (Nombre, DIRECCION, PUESTO_HAB, FECHA_NAC, EQUIPO_JUGADOR) VALUES ('FLORIAN WIRTZ', 'Pulheim 122', 'MP', '2003-05-03 00:00:00', 'ALEMANIA')
Hibernate: INSERT INTO jugador (Nombre, DIRECCION, PUESTO_HAB, FECHA_NAC, EQUIPO_JUGADOR) VALUES ('JAMAL MUSIALA', 'Stuttgart 133', 'MP', '2003-02-26 00:00:00', 'ALEMANIA')
Hibernate: INSERT INTO jugador (Nombre, DIRECCION, PUESTO_HAB, FECHA_NAC, EQUIPO_JUGADOR) VALUES ('ANTONIO RUDIGER', 'Berlin 144', 'DFC', '1993-03-03 00:00:00', 'ALEMANIA')
Hibernate: INSERT INTO jugador (Nombre, DIRECCION, PUESTO_HAB, FECHA_NAC, EQUIPO_JUGADOR) VALUES ('KAI HAVERTZ', 'Aachen 155', 'DC', '1999-06-11 00:00:00', 'ALEMANIA')
Hibernate: INSERT INTO jugador (Nombre, DIRECCION, PUESTO_HAB, FECHA_NAC, EQUIPO_JUGADOR) VALUES ('JUDE BELLINGHAM', 'Stourbridge 999', 'MC', '2003-06-29 00:00:00', 'INGLATERRA')
Hibernate: INSERT INTO jugador (Nombre, DIRECCION, PUESTO_HAB, FECHA_NAC, EQUIPO_JUGADOR) VALUES ('HARRY KANE', 'Walthamstow 888', 'DC', '1993-07-28 00:00:00', 'INGLATERRA')
Hibernate: INSERT INTO jugador (Nombre, DIRECCION, PUESTO_HAB, FECHA_NAC, EQUIPO_JUGADOR) VALUES ('BUKAYO SAKA', 'Londres 777', 'ED', '2001-09-05 00:00:00', 'INGLATERRA')
Hibernate: INSERT INTO jugador (Nombre, DIRECCION, PUESTO_HAB, FECHA_NAC, EQUIPO_JUGADOR) VALUES ('PHIL FODEN', 'Stockport 666', 'MP', '2000-05-28 00:00:00', 'INGLATERRA')
2026-05-27T12:45:23.638+02:00  INFO 18912 --- [mundial] [           main] j.LocalContainerEntityManagerFactoryBean : Initialized JPA EntityManagerFactory for persistence unit 'default'
2026-05-27T12:45:23.687+02:00  INFO 18912 --- [mundial] [           main] o.s.d.j.r.query.QueryEnhancerFactories   : Hibernate is in classpath; If applicable, HQL parser will be used.
2026-05-27T12:45:23.851+02:00  WARN 18912 --- [mundial] [           main] JpaBaseConfiguration$JpaWebConfiguration : spring.jpa.open-in-view is enabled by default. Therefore, database queries may be performed during view rendering. Explicitly configure spring.jpa.open-in-view to disable this warning
2026-05-27T12:45:24.111+02:00  INFO 18912 --- [mundial] [           main] o.s.b.h.a.H2ConsoleAutoConfiguration     : H2 console available at '/h2-console'. Database available at 'jdbc:h2:mem:mundialdb'
2026-05-27T12:45:24.169+02:00  INFO 18912 --- [mundial] [           main] o.s.b.t.m.w.SpringBootMockServletContext : Initializing Spring TestDispatcherServlet ''
2026-05-27T12:45:24.169+02:00  INFO 18912 --- [mundial] [           main] o.s.t.web.servlet.TestDispatcherServlet  : Initializing Servlet ''
2026-05-27T12:45:24.171+02:00  INFO 18912 --- [mundial] [           main] o.s.t.web.servlet.TestDispatcherServlet  : Completed initialization in 1 ms
2026-05-27T12:45:24.187+02:00  INFO 18912 --- [mundial] [           main] c.e.mundial.MundialApplicationTests      : Started MundialApplicationTests in 2.592 seconds (process running for 3.249)
Hibernate: 
    select
        j1_0.nombre,
        j1_0.direccion,
        j1_0.equipo_jugador,
        j1_0.fecha_nac,
        j1_0.puesto_hab 
    from
        jugador j1_0
Hibernate: 
    select
        e1_0.equipo,
        e1_0.pais,
        e1_0.seleccionador 
    from
        equipos e1_0 
    where
        e1_0.equipo=?
Hibernate: 
    select
        e1_0.equipo,
        e1_0.pais,
        e1_0.seleccionador 
    from
        equipos e1_0 
    where
        e1_0.equipo=?
Hibernate: 
    select
        e1_0.equipo,
        e1_0.pais,
        e1_0.seleccionador 
    from
        equipos e1_0 
    where
        e1_0.equipo=?
Hibernate: 
    select
        e1_0.equipo,
        e1_0.pais,
        e1_0.seleccionador 
    from
        equipos e1_0 
    where
        e1_0.equipo=?
Hibernate: 
    select
        e1_0.equipo,
        e1_0.pais,
        e1_0.seleccionador 
    from
        equipos e1_0 
    where
        e1_0.equipo=?
Hibernate: 
    select
        e1_0.equipo,
        e1_0.pais,
        e1_0.seleccionador 
    from
        equipos e1_0 
    where
        e1_0.equipo=?
]]></system-out>
    <system-err><![CDATA[Mockito is currently self-attaching to enable the inline-mock-maker. This will no longer work in future releases of the JDK. Please add Mockito as an agent to your build as described in Mockito's documentation: https://javadoc.io/doc/org.mockito/mockito-core/latest/org.mockito/org/mockito/Mockito.html#0.3
WARNING: A Java agent has been loaded dynamically (C:\Users\aaron\.m2\repository\net\bytebuddy\byte-buddy-agent\1.17.8\byte-buddy-agent-1.17.8.jar)
WARNING: If a serviceability tool is in use, please run with -XX:+EnableDynamicAgentLoading to hide this warning
WARNING: If a serviceability tool is not in use, please run with -Djdk.instrument.traceUsage for more information
WARNING: Dynamic loading of agents will be disallowed by default in a future release
]]></system-err>
  </testcase>
  <testcase name="equiposApiDevuelveDatos" classname="com.example.mundial.MundialApplicationTests" time="0.015">
    <system-out><![CDATA[Hibernate: 
    select
        e1_0.equipo,
        e1_0.pais,
        e1_0.seleccionador 
    from
        equipos e1_0
Hibernate: 
    select
        j1_0.equipo_jugador,
        j1_0.nombre,
        j1_0.direccion,
        j1_0.fecha_nac,
        j1_0.puesto_hab 
    from
        jugador j1_0 
    where
        j1_0.equipo_jugador=?
Hibernate: 
    select
        j1_0.equipo_jugador,
        j1_0.nombre,
        j1_0.direccion,
        j1_0.fecha_nac,
        j1_0.puesto_hab 
    from
        jugador j1_0 
    where
        j1_0.equipo_jugador=?
Hibernate: 
    select
        j1_0.equipo_jugador,
        j1_0.nombre,
        j1_0.direccion,
        j1_0.fecha_nac,
        j1_0.puesto_hab 
    from
        jugador j1_0 
    where
        j1_0.equipo_jugador=?
Hibernate: 
    select
        j1_0.equipo_jugador,
        j1_0.nombre,
        j1_0.direccion,
        j1_0.fecha_nac,
        j1_0.puesto_hab 
    from
        jugador j1_0 
    where
        j1_0.equipo_jugador=?
Hibernate: 
    select
        j1_0.equipo_jugador,
        j1_0.nombre,
        j1_0.direccion,
        j1_0.fecha_nac,
        j1_0.puesto_hab 
    from
        jugador j1_0 
    where
        j1_0.equipo_jugador=?
Hibernate: 
    select
        j1_0.equipo_jugador,
        j1_0.nombre,
        j1_0.direccion,
        j1_0.fecha_nac,
        j1_0.puesto_hab 
    from
        jugador j1_0 
    where
        j1_0.equipo_jugador=?
]]></system-out>
  </testcase>
  <testcase name="contextLoads" classname="com.example.mundial.MundialApplicationTests" time="0.003"/>
  <testcase name="jugadoresPorEquipoApiDevuelveDatos" classname="com.example.mundial.MundialApplicationTests" time="0.164">
    <system-out><![CDATA[Hibernate: 
    select
        j1_0.nombre,
        j1_0.direccion,
        j1_0.equipo_jugador,
        j1_0.fecha_nac,
        j1_0.puesto_hab 
    from
        jugador j1_0 
    where
        j1_0.equipo_jugador=?
Hibernate: 
    select
        e1_0.equipo,
        e1_0.pais,
        e1_0.seleccionador 
    from
        equipos e1_0 
    where
        e1_0.equipo=?
]]></system-out>
  </testcase>
</testsuite>